{"D:\\Perkuliahan\\Belajar Bekerja Luarsekolah\\Perrtemuan 30\\belajar-backend-4\\frontend\\src\\app\\page.js": {"path":"D:\\Perkuliahan\\Belajar Bekerja Luarsekolah\\Perrtemuan 30\\belajar-backend-4\\frontend\\src\\app\\page.js","statementMap":{"0":{"start":{"line":4,"column":2},"end":{"line":18,"column":4}}},"fnMap":{"0":{"name":"Home","decl":{"start":{"line":3,"column":24},"end":{"line":3,"column":28}},"loc":{"start":{"line":3,"column":31},"end":{"line":19,"column":1}},"line":3}},"branchMap":{},"s":{"0":2},"f":{"0":2},"b":{},"_coverageSchema":"1a1c01bbd47fc00a2c39e90264f33305004495a9","hash":"3eea74bd6559b26ea66c1ed904fe850958e30f45"}
,"D:\\Perkuliahan\\Belajar Bekerja Luarsekolah\\Perrtemuan 30\\belajar-backend-4\\frontend\\src\\app\\login\\page.js": {"path":"D:\\Perkuliahan\\Belajar Bekerja Luarsekolah\\Perrtemuan 30\\belajar-backend-4\\frontend\\src\\app\\login\\page.js","statementMap":{"0":{"start":{"line":12,"column":28},"end":{"line":12,"column":40}},"1":{"start":{"line":13,"column":34},"end":{"line":13,"column":46}},"2":{"start":{"line":14,"column":28},"end":{"line":14,"column":40}},"3":{"start":{"line":15,"column":17},"end":{"line":15,"column":28}},"4":{"start":{"line":17,"column":22},"end":{"line":43,"column":3}},"5":{"start":{"line":18,"column":4},"end":{"line":18,"column":23}},"6":{"start":{"line":19,"column":4},"end":{"line":19,"column":17}},"7":{"start":{"line":20,"column":4},"end":{"line":42,"column":5}},"8":{"start":{"line":21,"column":18},"end":{"line":25,"column":8}},"9":{"start":{"line":26,"column":19},"end":{"line":26,"column":35}},"10":{"start":{"line":27,"column":6},"end":{"line":39,"column":7}},"11":{"start":{"line":28,"column":8},"end":{"line":28,"column":54}},"12":{"start":{"line":29,"column":8},"end":{"line":29,"column":48}},"13":{"start":{"line":30,"column":8},"end":{"line":30,"column":48}},"14":{"start":{"line":31,"column":8},"end":{"line":31,"column":45}},"15":{"start":{"line":32,"column":8},"end":{"line":36,"column":9}},"16":{"start":{"line":33,"column":10},"end":{"line":33,"column":32}},"17":{"start":{"line":35,"column":10},"end":{"line":35,"column":36}},"18":{"start":{"line":38,"column":8},"end":{"line":38,"column":46}},"19":{"start":{"line":41,"column":6},"end":{"line":41,"column":44}},"20":{"start":{"line":45,"column":2},"end":{"line":115,"column":4}},"21":{"start":{"line":73,"column":31},"end":{"line":73,"column":55}},"22":{"start":{"line":87,"column":31},"end":{"line":87,"column":58}},"23":{"start":{"line":102,"column":14},"end":{"line":102,"column":70}},"24":{"start":{"line":103,"column":14},"end":{"line":103,"column":52}},"25":{"start":{"line":104,"column":14},"end":{"line":104,"column":59}},"26":{"start":{"line":105,"column":14},"end":{"line":105,"column":70}},"27":{"start":{"line":106,"column":14},"end":{"line":106,"column":36}}},"fnMap":{"0":{"name":"LoginPage","decl":{"start":{"line":11,"column":24},"end":{"line":11,"column":33}},"loc":{"start":{"line":11,"column":36},"end":{"line":116,"column":1}},"line":11},"1":{"name":"(anonymous_1)","decl":{"start":{"line":17,"column":22},"end":{"line":17,"column":23}},"loc":{"start":{"line":17,"column":35},"end":{"line":43,"column":3}},"line":17},"2":{"name":"(anonymous_2)","decl":{"start":{"line":73,"column":24},"end":{"line":73,"column":25}},"loc":{"start":{"line":73,"column":31},"end":{"line":73,"column":55}},"line":73},"3":{"name":"(anonymous_3)","decl":{"start":{"line":87,"column":24},"end":{"line":87,"column":25}},"loc":{"start":{"line":87,"column":31},"end":{"line":87,"column":58}},"line":87},"4":{"name":"(anonymous_4)","decl":{"start":{"line":100,"column":21},"end":{"line":100,"column":22}},"loc":{"start":{"line":100,"column":27},"end":{"line":107,"column":13}},"line":100}},"branchMap":{"0":{"loc":{"start":{"line":27,"column":6},"end":{"line":39,"column":7}},"type":"if","locations":[{"start":{"line":27,"column":6},"end":{"line":39,"column":7}},{"start":{"line":37,"column":13},"end":{"line":39,"column":7}}],"line":27},"1":{"loc":{"start":{"line":27,"column":10},"end":{"line":27,"column":30}},"type":"binary-expr","locations":[{"start":{"line":27,"column":10},"end":{"line":27,"column":16}},{"start":{"line":27,"column":20},"end":{"line":27,"column":30}}],"line":27},"2":{"loc":{"start":{"line":32,"column":8},"end":{"line":36,"column":9}},"type":"if","locations":[{"start":{"line":32,"column":8},"end":{"line":36,"column":9}},{"start":{"line":34,"column":15},"end":{"line":36,"column":9}}],"line":32},"3":{"loc":{"start":{"line":38,"column":17},"end":{"line":38,"column":44}},"type":"binary-expr","locations":[{"start":{"line":38,"column":17},"end":{"line":38,"column":27}},{"start":{"line":38,"column":31},"end":{"line":38,"column":44}}],"line":38},"4":{"loc":{"start":{"line":111,"column":11},"end":{"line":111,"column":74}},"type":"binary-expr","locations":[{"start":{"line":111,"column":11},"end":{"line":111,"column":16}},{"start":{"line":111,"column":20},"end":{"line":111,"column":74}}],"line":111}},"s":{"0":2,"1":2,"2":2,"3":2,"4":2,"5":0,"6":0,"7":0,"8":0,"9":0,"10":0,"11":0,"12":0,"13":0,"14":0,"15":0,"16":0,"17":0,"18":0,"19":0,"20":2,"21":0,"22":0,"23":0,"24":0,"25":0,"26":0,"27":0},"f":{"0":2,"1":0,"2":0,"3":0,"4":0},"b":{"0":[0,0],"1":[0,0],"2":[0,0],"3":[0,0],"4":[2,0]},"_coverageSchema":"1a1c01bbd47fc00a2c39e90264f33305004495a9","hash":"69e6ea37b19fb7c9b99f4b8d062d6595da76b7be"}
,"D:\\Perkuliahan\\Belajar Bekerja Luarsekolah\\Perrtemuan 30\\belajar-backend-4\\frontend\\src\\app\\mahasiswa\\KomentarRealtime.js": {"path":"D:\\Perkuliahan\\Belajar Bekerja Luarsekolah\\Perrtemuan 30\\belajar-backend-4\\frontend\\src\\app\\mahasiswa\\KomentarRealtime.js","statementMap":{"0":{"start":{"line":6,"column":34},"end":{"line":6,"column":46}},"1":{"start":{"line":7,"column":28},"end":{"line":7,"column":40}},"2":{"start":{"line":8,"column":13},"end":{"line":8,"column":25}},"3":{"start":{"line":10,"column":2},"end":{"line":23,"column":9}},"4":{"start":{"line":11,"column":4},"end":{"line":11,"column":54}},"5":{"start":{"line":12,"column":4},"end":{"line":21,"column":6}},"6":{"start":{"line":13,"column":18},"end":{"line":13,"column":40}},"7":{"start":{"line":14,"column":6},"end":{"line":14,"column":63}},"8":{"start":{"line":14,"column":31},"end":{"line":14,"column":63}},"9":{"start":{"line":15,"column":6},"end":{"line":17,"column":7}},"10":{"start":{"line":16,"column":8},"end":{"line":16,"column":54}},"11":{"start":{"line":16,"column":30},"end":{"line":16,"column":52}},"12":{"start":{"line":18,"column":6},"end":{"line":20,"column":7}},"13":{"start":{"line":19,"column":8},"end":{"line":19,"column":24}},"14":{"start":{"line":22,"column":4},"end":{"line":22,"column":50}},"15":{"start":{"line":22,"column":17},"end":{"line":22,"column":49}},"16":{"start":{"line":25,"column":22},"end":{"line":30,"column":3}},"17":{"start":{"line":26,"column":4},"end":{"line":29,"column":5}},"18":{"start":{"line":27,"column":6},"end":{"line":27,"column":72}},"19":{"start":{"line":28,"column":6},"end":{"line":28,"column":19}},"20":{"start":{"line":32,"column":26},"end":{"line":34,"column":3}},"21":{"start":{"line":33,"column":4},"end":{"line":33,"column":62}},"22":{"start":{"line":33,"column":26},"end":{"line":33,"column":60}},"23":{"start":{"line":33,"column":48},"end":{"line":33,"column":59}},"24":{"start":{"line":36,"column":29},"end":{"line":39,"column":3}},"25":{"start":{"line":37,"column":4},"end":{"line":37,"column":68}},"26":{"start":{"line":38,"column":4},"end":{"line":38,"column":20}},"27":{"start":{"line":41,"column":2},"end":{"line":125,"column":4}},"28":{"start":{"line":77,"column":10},"end":{"line":108,"column":16}},"29":{"start":{"line":103,"column":29},"end":{"line":103,"column":47}},"30":{"start":{"line":114,"column":25},"end":{"line":114,"column":49}}},"fnMap":{"0":{"name":"KomentarRealtime","decl":{"start":{"line":5,"column":24},"end":{"line":5,"column":40}},"loc":{"start":{"line":5,"column":43},"end":{"line":126,"column":1}},"line":5},"1":{"name":"(anonymous_1)","decl":{"start":{"line":10,"column":12},"end":{"line":10,"column":13}},"loc":{"start":{"line":10,"column":18},"end":{"line":23,"column":3}},"line":10},"2":{"name":"(anonymous_2)","decl":{"start":{"line":12,"column":27},"end":{"line":12,"column":28}},"loc":{"start":{"line":12,"column":38},"end":{"line":21,"column":5}},"line":12},"3":{"name":"(anonymous_3)","decl":{"start":{"line":16,"column":20},"end":{"line":16,"column":21}},"loc":{"start":{"line":16,"column":30},"end":{"line":16,"column":52}},"line":16},"4":{"name":"(anonymous_4)","decl":{"start":{"line":22,"column":11},"end":{"line":22,"column":12}},"loc":{"start":{"line":22,"column":17},"end":{"line":22,"column":49}},"line":22},"5":{"name":"(anonymous_5)","decl":{"start":{"line":25,"column":22},"end":{"line":25,"column":23}},"loc":{"start":{"line":25,"column":28},"end":{"line":30,"column":3}},"line":25},"6":{"name":"(anonymous_6)","decl":{"start":{"line":32,"column":26},"end":{"line":32,"column":27}},"loc":{"start":{"line":32,"column":37},"end":{"line":34,"column":3}},"line":32},"7":{"name":"(anonymous_7)","decl":{"start":{"line":33,"column":16},"end":{"line":33,"column":17}},"loc":{"start":{"line":33,"column":26},"end":{"line":33,"column":60}},"line":33},"8":{"name":"(anonymous_8)","decl":{"start":{"line":33,"column":38},"end":{"line":33,"column":39}},"loc":{"start":{"line":33,"column":48},"end":{"line":33,"column":59}},"line":33},"9":{"name":"(anonymous_9)","decl":{"start":{"line":36,"column":29},"end":{"line":36,"column":30}},"loc":{"start":{"line":36,"column":41},"end":{"line":39,"column":3}},"line":36},"10":{"name":"(anonymous_10)","decl":{"start":{"line":76,"column":22},"end":{"line":76,"column":23}},"loc":{"start":{"line":77,"column":10},"end":{"line":108,"column":16}},"line":77},"11":{"name":"(anonymous_11)","decl":{"start":{"line":103,"column":23},"end":{"line":103,"column":24}},"loc":{"start":{"line":103,"column":29},"end":{"line":103,"column":47}},"line":103},"12":{"name":"(anonymous_12)","decl":{"start":{"line":114,"column":18},"end":{"line":114,"column":19}},"loc":{"start":{"line":114,"column":25},"end":{"line":114,"column":49}},"line":114}},"branchMap":{"0":{"loc":{"start":{"line":14,"column":6},"end":{"line":14,"column":63}},"type":"if","locations":[{"start":{"line":14,"column":6},"end":{"line":14,"column":63}},{"start":{},"end":{}}],"line":14},"1":{"loc":{"start":{"line":14,"column":43},"end":{"line":14,"column":61}},"type":"binary-expr","locations":[{"start":{"line":14,"column":43},"end":{"line":14,"column":55}},{"start":{"line":14,"column":59},"end":{"line":14,"column":61}}],"line":14},"2":{"loc":{"start":{"line":15,"column":6},"end":{"line":17,"column":7}},"type":"if","locations":[{"start":{"line":15,"column":6},"end":{"line":17,"column":7}},{"start":{},"end":{}}],"line":15},"3":{"loc":{"start":{"line":15,"column":10},"end":{"line":15,"column":43}},"type":"binary-expr","locations":[{"start":{"line":15,"column":10},"end":{"line":15,"column":28}},{"start":{"line":15,"column":32},"end":{"line":15,"column":43}}],"line":15},"4":{"loc":{"start":{"line":18,"column":6},"end":{"line":20,"column":7}},"type":"if","locations":[{"start":{"line":18,"column":6},"end":{"line":20,"column":7}},{"start":{},"end":{}}],"line":18},"5":{"loc":{"start":{"line":22,"column":17},"end":{"line":22,"column":49}},"type":"binary-expr","locations":[{"start":{"line":22,"column":17},"end":{"line":22,"column":27}},{"start":{"line":22,"column":31},"end":{"line":22,"column":49}}],"line":22},"6":{"loc":{"start":{"line":26,"column":4},"end":{"line":29,"column":5}},"type":"if","locations":[{"start":{"line":26,"column":4},"end":{"line":29,"column":5}},{"start":{},"end":{}}],"line":26}},"s":{"0":1,"1":1,"2":1,"3":1,"4":1,"5":1,"6":0,"7":0,"8":0,"9":0,"10":0,"11":0,"12":0,"13":0,"14":1,"15":1,"16":1,"17":0,"18":0,"19":0,"20":1,"21":0,"22":0,"23":0,"24":1,"25":0,"26":0,"27":1,"28":0,"29":0,"30":0},"f":{"0":1,"1":1,"2":0,"3":0,"4":1,"5":0,"6":0,"7":0,"8":0,"9":0,"10":0,"11":0,"12":0},"b":{"0":[0,0],"1":[0,0],"2":[0,0],"3":[0,0],"4":[0,0],"5":[1,1],"6":[0,0]},"_coverageSchema":"1a1c01bbd47fc00a2c39e90264f33305004495a9","hash":"be06f9cde86be5598c62e514fb2226078bc465b2"}
,"D:\\Perkuliahan\\Belajar Bekerja Luarsekolah\\Perrtemuan 30\\belajar-backend-4\\frontend\\src\\app\\tambah\\page.js": {"path":"D:\\Perkuliahan\\Belajar Bekerja Luarsekolah\\Perrtemuan 30\\belajar-backend-4\\frontend\\src\\app\\tambah\\page.js","statementMap":{"0":{"start":{"line":10,"column":26},"end":{"line":10,"column":38}},"1":{"start":{"line":11,"column":28},"end":{"line":11,"column":40}},"2":{"start":{"line":12,"column":32},"end":{"line":12,"column":44}},"3":{"start":{"line":13,"column":30},"end":{"line":13,"column":42}},"4":{"start":{"line":14,"column":17},"end":{"line":14,"column":28}},"5":{"start":{"line":16,"column":4},"end":{"line":16,"column":74}},"6":{"start":{"line":18,"column":2},"end":{"line":24,"column":3}},"7":{"start":{"line":19,"column":4},"end":{"line":19,"column":33}},"8":{"start":{"line":20,"column":4},"end":{"line":23,"column":5}},"9":{"start":{"line":21,"column":6},"end":{"line":21,"column":48}},"10":{"start":{"line":22,"column":6},"end":{"line":22,"column":27}},"11":{"start":{"line":27,"column":2},"end":{"line":37,"column":3}},"12":{"start":{"line":28,"column":17},"end":{"line":28,"column":45}},"13":{"start":{"line":29,"column":4},"end":{"line":36,"column":5}},"14":{"start":{"line":30,"column":6},"end":{"line":30,"column":56}},"15":{"start":{"line":30,"column":23},"end":{"line":30,"column":48}},"16":{"start":{"line":31,"column":6},"end":{"line":35,"column":8}},"17":{"start":{"line":39,"column":23},"end":{"line":76,"column":3}},"18":{"start":{"line":40,"column":4},"end":{"line":40,"column":23}},"19":{"start":{"line":41,"column":4},"end":{"line":41,"column":18}},"20":{"start":{"line":42,"column":4},"end":{"line":45,"column":5}},"21":{"start":{"line":43,"column":6},"end":{"line":43,"column":44}},"22":{"start":{"line":44,"column":6},"end":{"line":44,"column":13}},"23":{"start":{"line":46,"column":4},"end":{"line":75,"column":5}},"24":{"start":{"line":47,"column":18},"end":{"line":54,"column":8}},"25":{"start":{"line":55,"column":19},"end":{"line":55,"column":35}},"26":{"start":{"line":56,"column":6},"end":{"line":72,"column":7}},"27":{"start":{"line":57,"column":8},"end":{"line":57,"column":49}},"28":{"start":{"line":58,"column":8},"end":{"line":58,"column":20}},"29":{"start":{"line":59,"column":8},"end":{"line":59,"column":21}},"30":{"start":{"line":60,"column":8},"end":{"line":60,"column":23}},"31":{"start":{"line":61,"column":8},"end":{"line":68,"column":9}},"32":{"start":{"line":62,"column":10},"end":{"line":67,"column":12}},"33":{"start":{"line":69,"column":8},"end":{"line":69,"column":58}},"34":{"start":{"line":69,"column":25},"end":{"line":69,"column":50}},"35":{"start":{"line":71,"column":8},"end":{"line":71,"column":60}},"36":{"start":{"line":74,"column":6},"end":{"line":74,"column":45}},"37":{"start":{"line":78,"column":2},"end":{"line":132,"column":4}},"38":{"start":{"line":99,"column":29},"end":{"line":99,"column":52}},"39":{"start":{"line":109,"column":29},"end":{"line":109,"column":53}},"40":{"start":{"line":119,"column":29},"end":{"line":119,"column":55}}},"fnMap":{"0":{"name":"Tambah","decl":{"start":{"line":9,"column":24},"end":{"line":9,"column":30}},"loc":{"start":{"line":9,"column":33},"end":{"line":133,"column":1}},"line":9},"1":{"name":"(anonymous_1)","decl":{"start":{"line":30,"column":17},"end":{"line":30,"column":18}},"loc":{"start":{"line":30,"column":23},"end":{"line":30,"column":48}},"line":30},"2":{"name":"(anonymous_2)","decl":{"start":{"line":39,"column":23},"end":{"line":39,"column":24}},"loc":{"start":{"line":39,"column":36},"end":{"line":76,"column":3}},"line":39},"3":{"name":"(anonymous_3)","decl":{"start":{"line":69,"column":19},"end":{"line":69,"column":20}},"loc":{"start":{"line":69,"column":25},"end":{"line":69,"column":50}},"line":69},"4":{"name":"(anonymous_4)","decl":{"start":{"line":99,"column":22},"end":{"line":99,"column":23}},"loc":{"start":{"line":99,"column":29},"end":{"line":99,"column":52}},"line":99},"5":{"name":"(anonymous_5)","decl":{"start":{"line":109,"column":22},"end":{"line":109,"column":23}},"loc":{"start":{"line":109,"column":29},"end":{"line":109,"column":53}},"line":109},"6":{"name":"(anonymous_6)","decl":{"start":{"line":119,"column":22},"end":{"line":119,"column":23}},"loc":{"start":{"line":119,"column":29},"end":{"line":119,"column":55}},"line":119}},"branchMap":{"0":{"loc":{"start":{"line":16,"column":4},"end":{"line":16,"column":74}},"type":"cond-expr","locations":[{"start":{"line":16,"column":36},"end":{"line":16,"column":69}},{"start":{"line":16,"column":72},"end":{"line":16,"column":74}}],"line":16},"1":{"loc":{"start":{"line":18,"column":2},"end":{"line":24,"column":3}},"type":"if","locations":[{"start":{"line":18,"column":2},"end":{"line":24,"column":3}},{"start":{},"end":{}}],"line":18},"2":{"loc":{"start":{"line":19,"column":9},"end":{"line":19,"column":32}},"type":"binary-expr","locations":[{"start":{"line":19,"column":9},"end":{"line":19,"column":24}},{"start":{"line":19,"column":28},"end":{"line":19,"column":32}}],"line":19},"3":{"loc":{"start":{"line":20,"column":4},"end":{"line":23,"column":5}},"type":"if","locations":[{"start":{"line":20,"column":4},"end":{"line":23,"column":5}},{"start":{},"end":{}}],"line":20},"4":{"loc":{"start":{"line":27,"column":2},"end":{"line":37,"column":3}},"type":"if","locations":[{"start":{"line":27,"column":2},"end":{"line":37,"column":3}},{"start":{},"end":{}}],"line":27},"5":{"loc":{"start":{"line":29,"column":4},"end":{"line":36,"column":5}},"type":"if","locations":[{"start":{"line":29,"column":4},"end":{"line":36,"column":5}},{"start":{},"end":{}}],"line":29},"6":{"loc":{"start":{"line":42,"column":4},"end":{"line":45,"column":5}},"type":"if","locations":[{"start":{"line":42,"column":4},"end":{"line":45,"column":5}},{"start":{},"end":{}}],"line":42},"7":{"loc":{"start":{"line":42,"column":8},"end":{"line":42,"column":35}},"type":"binary-expr","locations":[{"start":{"line":42,"column":8},"end":{"line":42,"column":13}},{"start":{"line":42,"column":17},"end":{"line":42,"column":23}},{"start":{"line":42,"column":27},"end":{"line":42,"column":35}}],"line":42},"8":{"loc":{"start":{"line":56,"column":6},"end":{"line":72,"column":7}},"type":"if","locations":[{"start":{"line":56,"column":6},"end":{"line":72,"column":7}},{"start":{"line":70,"column":13},"end":{"line":72,"column":7}}],"line":56},"9":{"loc":{"start":{"line":61,"column":8},"end":{"line":68,"column":9}},"type":"if","locations":[{"start":{"line":61,"column":8},"end":{"line":68,"column":9}},{"start":{},"end":{}}],"line":61},"10":{"loc":{"start":{"line":61,"column":12},"end":{"line":61,"column":37}},"type":"binary-expr","locations":[{"start":{"line":61,"column":12},"end":{"line":61,"column":14}},{"start":{"line":61,"column":18},"end":{"line":61,"column":37}}],"line":61},"11":{"loc":{"start":{"line":71,"column":18},"end":{"line":71,"column":58}},"type":"binary-expr","locations":[{"start":{"line":71,"column":18},"end":{"line":71,"column":28}},{"start":{"line":71,"column":32},"end":{"line":71,"column":58}}],"line":71},"12":{"loc":{"start":{"line":83,"column":7},"end":{"line":91,"column":7}},"type":"binary-expr","locations":[{"start":{"line":83,"column":7},"end":{"line":83,"column":13}},{"start":{"line":84,"column":8},"end":{"line":90,"column":14}}],"line":83},"13":{"loc":{"start":{"line":86,"column":12},"end":{"line":86,"column":74}},"type":"cond-expr","locations":[{"start":{"line":86,"column":42},"end":{"line":86,"column":57}},{"start":{"line":86,"column":60},"end":{"line":86,"column":74}}],"line":86},"14":{"loc":{"start":{"line":126,"column":9},"end":{"line":126,"column":72}},"type":"binary-expr","locations":[{"start":{"line":126,"column":9},"end":{"line":126,"column":15}},{"start":{"line":126,"column":19},"end":{"line":126,"column":72}}],"line":126}},"s":{"0":3,"1":3,"2":3,"3":3,"4":3,"5":3,"6":3,"7":3,"8":3,"9":1,"10":1,"11":3,"12":3,"13":3,"14":0,"15":0,"16":0,"17":3,"18":1,"19":1,"20":1,"21":1,"22":1,"23":0,"24":0,"25":0,"26":0,"27":0,"28":0,"29":0,"30":0,"31":0,"32":0,"33":0,"34":0,"35":0,"36":0,"37":3,"38":0,"39":0,"40":0},"f":{"0":3,"1":0,"2":1,"3":0,"4":0,"5":0,"6":0},"b":{"0":[3,0],"1":[3,0],"2":[3,1],"3":[1,2],"4":[3,0],"5":[0,3],"6":[1,0],"7":[1,0,0],"8":[0,0],"9":[0,0],"10":[0,0],"11":[0,0],"12":[3,1],"13":[0,1],"14":[3,1]},"_coverageSchema":"1a1c01bbd47fc00a2c39e90264f33305004495a9","hash":"2eac89faf7165c671192d6f9130c9873dac12dac"}
}
