TN:
SF:src\app\page.js
FN:3,Home
FNF:1
FNH:1
FNDA:2,Home
DA:4,2
LF:1
LH:1
BRF:0
BRH:0
end_of_record
TN:
SF:src\app\login\page.js
FN:11,LoginPage
FN:17,(anonymous_1)
FN:73,(anonymous_2)
FN:87,(anonymous_3)
FN:100,(anonymous_4)
FNF:5
FNH:1
FNDA:2,LoginPage
FNDA:0,(anonymous_1)
FNDA:0,(anonymous_2)
FNDA:0,(anonymous_3)
FNDA:0,(anonymous_4)
DA:12,2
DA:13,2
DA:14,2
DA:15,2
DA:17,2
DA:18,0
DA:19,0
DA:20,0
DA:21,0
DA:26,0
DA:27,0
DA:28,0
DA:29,0
DA:30,0
DA:31,0
DA:32,0
DA:33,0
DA:35,0
DA:38,0
DA:41,0
DA:45,2
DA:73,0
DA:87,0
DA:102,0
DA:103,0
DA:104,0
DA:105,0
DA:106,0
LF:28
LH:6
BRDA:27,0,0,0
BRDA:27,0,1,0
BRDA:27,1,0,0
BRDA:27,1,1,0
BRDA:32,2,0,0
BRDA:32,2,1,0
BRDA:38,3,0,0
BRDA:38,3,1,0
BRDA:111,4,0,2
BRDA:111,4,1,0
BRF:10
BRH:1
end_of_record
TN:
SF:src\app\mahasiswa\KomentarRealtime.js
FN:5,KomentarRealtime
FN:10,(anonymous_1)
FN:12,(anonymous_2)
FN:16,(anonymous_3)
FN:22,(anonymous_4)
FN:25,(anonymous_5)
FN:32,(anonymous_6)
FN:33,(anonymous_7)
FN:33,(anonymous_8)
FN:36,(anonymous_9)
FN:76,(anonymous_10)
FN:103,(anonymous_11)
FN:114,(anonymous_12)
FNF:13
FNH:3
FNDA:1,KomentarRealtime
FNDA:1,(anonymous_1)
FNDA:0,(anonymous_2)
FNDA:0,(anonymous_3)
FNDA:1,(anonymous_4)
FNDA:0,(anonymous_5)
FNDA:0,(anonymous_6)
FNDA:0,(anonymous_7)
FNDA:0,(anonymous_8)
FNDA:0,(anonymous_9)
FNDA:0,(anonymous_10)
FNDA:0,(anonymous_11)
FNDA:0,(anonymous_12)
DA:6,1
DA:7,1
DA:8,1
DA:10,1
DA:11,1
DA:12,1
DA:13,0
DA:14,0
DA:15,0
DA:16,0
DA:18,0
DA:19,0
DA:22,1
DA:25,1
DA:26,0
DA:27,0
DA:28,0
DA:32,1
DA:33,0
DA:36,1
DA:37,0
DA:38,0
DA:41,1
DA:77,0
DA:103,0
DA:114,0
LF:26
LH:11
BRDA:14,0,0,0
BRDA:14,0,1,0
BRDA:14,1,0,0
BRDA:14,1,1,0
BRDA:15,2,0,0
BRDA:15,2,1,0
BRDA:15,3,0,0
BRDA:15,3,1,0
BRDA:18,4,0,0
BRDA:18,4,1,0
BRDA:22,5,0,1
BRDA:22,5,1,1
BRDA:26,6,0,0
BRDA:26,6,1,0
BRF:14
BRH:2
end_of_record
TN:
SF:src\app\tambah\page.js
FN:9,Tambah
FN:30,(anonymous_1)
FN:39,(anonymous_2)
FN:69,(anonymous_3)
FN:99,(anonymous_4)
FN:109,(anonymous_5)
FN:119,(anonymous_6)
FNF:7
FNH:2
FNDA:3,Tambah
FNDA:0,(anonymous_1)
FNDA:1,(anonymous_2)
FNDA:0,(anonymous_3)
FNDA:0,(anonymous_4)
FNDA:0,(anonymous_5)
FNDA:0,(anonymous_6)
DA:10,3
DA:11,3
DA:12,3
DA:13,3
DA:14,3
DA:16,3
DA:18,3
DA:19,3
DA:20,3
DA:21,1
DA:22,1
DA:27,3
DA:28,3
DA:29,3
DA:30,0
DA:31,0
DA:39,3
DA:40,1
DA:41,1
DA:42,1
DA:43,1
DA:44,1
DA:46,0
DA:47,0
DA:55,0
DA:56,0
DA:57,0
DA:58,0
DA:59,0
DA:60,0
DA:61,0
DA:62,0
DA:69,0
DA:71,0
DA:74,0
DA:78,3
DA:99,0
DA:109,0
DA:119,0
LF:39
LH:21
BRDA:16,0,0,3
BRDA:16,0,1,0
BRDA:18,1,0,3
BRDA:18,1,1,0
BRDA:19,2,0,3
BRDA:19,2,1,1
BRDA:20,3,0,1
BRDA:20,3,1,2
BRDA:27,4,0,3
BRDA:27,4,1,0
BRDA:29,5,0,0
BRDA:29,5,1,3
BRDA:42,6,0,1
BRDA:42,6,1,0
BRDA:42,7,0,1
BRDA:42,7,1,0
BRDA:42,7,2,0
BRDA:56,8,0,0
BRDA:56,8,1,0
BRDA:61,9,0,0
BRDA:61,9,1,0
BRDA:61,10,0,0
BRDA:61,10,1,0
BRDA:71,11,0,0
BRDA:71,11,1,0
BRDA:83,12,0,3
BRDA:83,12,1,1
BRDA:86,13,0,0
BRDA:86,13,1,1
BRDA:126,14,0,3
BRDA:126,14,1,1
BRF:31
BRH:15
end_of_record
